<?xml version="1.0" encoding="UTF-8"?>
<!-- Generated by org.testng.reporters.JUnitReportReporter -->
<testsuite hostname="Jyotis-MacBook-Pro.local" failures="1" tests="3" name="Testrunner.Runner" time="233.764" errors="0" timestamp="2024-04-24T11:53:55 IST" skipped="0">
  <testcase classname="Testrunner.Runner" name="runScenario" time="78.475"/>
  <testcase classname="Testrunner.Runner" name="runScenario" time="92.233"/>
  <testcase classname="Testrunner.Runner" name="runScenario" time="63.056">
    <failure message="expected [No data] but found [Beetroot]" type="java.lang.AssertionError">
      <![CDATA[java.lang.AssertionError: expected [No data] but found [Beetroot]
at org.testng.Assert.fail(Assert.java:111)
at org.testng.Assert.failNotEquals(Assert.java:1578)
at org.testng.Assert.assertEqualsImpl(Assert.java:150)
at org.testng.Assert.assertEquals(Assert.java:132)
at org.testng.Assert.assertEquals(Assert.java:656)
at org.testng.Assert.assertEquals(Assert.java:666)
at StepDefination.OfferPageStepDefinations.validate_product_name_in_offers_page_matching_with_lading_page(OfferPageStepDefinations.java:53)
at âœ½.validate product name in offers page matching with lading page(file:///Users/jyotisalunkhe/eclipse-workspace/Selenium/src/test/java/features/SearchProduct.feature:15)
]]>
    </failure>
  </testcase> <!-- runScenario -->
</testsuite> <!-- Testrunner.Runner -->
